{
  "0 debug pnpm:scope": {
    "selected": 1,
    "workspacePrefix": "/Users/Jesse/Projects/Health Curious/ddmd"
  },
  "1 info pnpm": {
    "err": {
      "name": "Error",
      "message": "not found: li",
      "code": "ENOENT",
      "stack": "Error: not found: li\n    at getNotFoundError (/Users/Jesse/.node/corepack/pnpm/7.2.1/dist/pnpm.cjs:41759:51)\n    at Function.whichSync [as sync] (/Users/Jesse/.node/corepack/pnpm/7.2.1/dist/pnpm.cjs:41836:13)\n    at getCommandAbsolutePathSync (/Users/Jesse/.node/corepack/pnpm/7.2.1/dist/pnpm.cjs:43401:44)\n    at default_1 (/Users/Jesse/.node/corepack/pnpm/7.2.1/dist/pnpm.cjs:43410:32)\n    at /Users/Jesse/.node/corepack/pnpm/7.2.1/dist/pnpm.cjs:178873:39"
    }
  },
  "2 error pnpm": {
    "code": "ERR_PNPM_RECURSIVE_EXEC_FIRST_FAIL",
    "prefix": "/Users/Jesse/Projects/Health Curious/ddmd",
    "err": {
      "name": "pnpm",
      "message": "not found: li",
      "code": "ERR_PNPM_RECURSIVE_EXEC_FIRST_FAIL",
      "stack": "Error: not found: li\n    at getNotFoundError (/Users/Jesse/.node/corepack/pnpm/7.2.1/dist/pnpm.cjs:41759:51)\n    at Function.whichSync [as sync] (/Users/Jesse/.node/corepack/pnpm/7.2.1/dist/pnpm.cjs:41836:13)\n    at getCommandAbsolutePathSync (/Users/Jesse/.node/corepack/pnpm/7.2.1/dist/pnpm.cjs:43401:44)\n    at default_1 (/Users/Jesse/.node/corepack/pnpm/7.2.1/dist/pnpm.cjs:43410:32)\n    at /Users/Jesse/.node/corepack/pnpm/7.2.1/dist/pnpm.cjs:178873:39"
    }
  }
}